<?xml version="1.0" encoding="UTF-8"?>
<testsuite xmlns:xsi="http://www.w3.org/2001/XMLSchema-instance" xsi:noNamespaceSchemaLocation="https://maven.apache.org/surefire/maven-surefire-plugin/xsd/surefire-test-report.xsd" name="QuadraticMetamorphicTest" time="0.002" tests="4" errors="0" skipped="0" failures="0">
  <properties>
[...]
</properties>
  <testcase name="testTransformationRelation" classname="QuadraticMetamorphicTest" time="0"/>
  <testcase name="testRootRelations" classname="QuadraticMetamorphicTest" time="0"/>
  <testcase name="testScalingRelation" classname="QuadraticMetamorphicTest" time="0"/>
  <testcase name="testReciprocalRelation" classname="QuadraticMetamorphicTest" time="0"/>
</testsuite>